app/build/intermediates/manifest_merge_blame_file/debug/manifest-merger-blame-debug-report.txt
1<?xml version="1.0" encoding="utf-8"?>
2<manifest xmlns:android="http://schemas.android.com/apk/res/android"
3    package="com.example.multimodule_mviapplication"
4    android:versionCode="210010000"
5    android:versionName="1.0.0" >
6
7    <uses-sdk
8        android:minSdkVersion="21"
8-->src/main/AndroidManifest.xml
9        android:targetSdkVersion="31" />
9-->src/main/AndroidManifest.xml
10
11    <uses-permission android:name="android.permission.INTERNET" />
11-->src/main/AndroidManifest.xml:5:5-66
11-->src/main/AndroidManifest.xml:5:22-64
12    <uses-permission android:name="android.permission.ACCESS_FINE_LOCATION" />
12-->[:feature] AndroidManifest.xml:9:5-79
12-->[:feature] AndroidManifest.xml:9:22-76
13    <uses-permission android:name="android.permission.REORDER_TASKS" /> <!-- To store the heap dumps and leak analysis results. -->
13-->[androidx.test:core:1.4.0] AndroidManifest.xml:24:5-72
13-->[androidx.test:core:1.4.0] AndroidManifest.xml:24:22-69
14    <uses-permission android:name="android.permission.READ_EXTERNAL_STORAGE" />
14-->[com.squareup.leakcanary:leakcanary-android-core:2.4] AndroidManifest.xml:23:5-80
14-->[com.squareup.leakcanary:leakcanary-android-core:2.4] AndroidManifest.xml:23:22-77
15    <uses-permission android:name="android.permission.WRITE_EXTERNAL_STORAGE" /> <!-- To allow starting foreground services on Android P+ - https://developer.android.com/preview/behavior-changes#fg-svc -->
15-->[com.squareup.leakcanary:leakcanary-android-core:2.4] AndroidManifest.xml:24:5-81
15-->[com.squareup.leakcanary:leakcanary-android-core:2.4] AndroidManifest.xml:24:22-78
16    <uses-permission android:name="android.permission.FOREGROUND_SERVICE" />
16-->[com.squareup.leakcanary:leakcanary-android-core:2.4] AndroidManifest.xml:26:5-77
16-->[com.squareup.leakcanary:leakcanary-android-core:2.4] AndroidManifest.xml:26:22-74
17
18    <application
18-->src/main/AndroidManifest.xml:7:5-24:19
19        android:name="com.example.microblogging.MyApp"
19-->src/main/AndroidManifest.xml:13:9-55
20        android:allowBackup="true"
20-->src/main/AndroidManifest.xml:8:9-35
21        android:appComponentFactory="androidx.core.app.CoreComponentFactory"
21-->[androidx.core:core:1.7.0] AndroidManifest.xml:24:18-86
22        android:debuggable="true"
23        android:icon="@mipmap/ic_launcher"
23-->src/main/AndroidManifest.xml:9:9-43
24        android:label="@string/app_name"
24-->src/main/AndroidManifest.xml:10:9-41
25        android:roundIcon="@mipmap/ic_launcher_round"
25-->src/main/AndroidManifest.xml:11:9-54
26        android:supportsRtl="true"
26-->src/main/AndroidManifest.xml:12:9-35
27        android:testOnly="true"
28        android:theme="@style/Theme.MicroApplication" >
28-->src/main/AndroidManifest.xml:14:9-54
29        <activity
29-->src/main/AndroidManifest.xml:15:9-23:20
30            android:name="com.example.feature.ui.main.MainActivity"
30-->src/main/AndroidManifest.xml:16:13-68
31            android:exported="true" >
31-->src/main/AndroidManifest.xml:17:13-36
32            <intent-filter>
32-->src/main/AndroidManifest.xml:18:13-22:29
33                <action android:name="android.intent.action.MAIN" />
33-->src/main/AndroidManifest.xml:19:17-69
33-->src/main/AndroidManifest.xml:19:25-66
34
35                <category android:name="android.intent.category.LAUNCHER" />
35-->src/main/AndroidManifest.xml:21:17-77
35-->src/main/AndroidManifest.xml:21:27-74
36            </intent-filter>
37        </activity>
38
39        <uses-library
39-->[androidx.window:window:1.0.0] AndroidManifest.xml:25:9-27:40
40            android:name="androidx.window.extensions"
40-->[androidx.window:window:1.0.0] AndroidManifest.xml:26:13-54
41            android:required="false" />
41-->[androidx.window:window:1.0.0] AndroidManifest.xml:27:13-37
42        <uses-library
42-->[androidx.window:window:1.0.0] AndroidManifest.xml:28:9-30:40
43            android:name="androidx.window.sidecar"
43-->[androidx.window:window:1.0.0] AndroidManifest.xml:29:13-51
44            android:required="false" />
44-->[androidx.window:window:1.0.0] AndroidManifest.xml:30:13-37
45
46        <service
46-->[androidx.room:room-runtime:2.4.1] AndroidManifest.xml:25:9-28:40
47            android:name="androidx.room.MultiInstanceInvalidationService"
47-->[androidx.room:room-runtime:2.4.1] AndroidManifest.xml:26:13-74
48            android:directBootAware="true"
48-->[androidx.room:room-runtime:2.4.1] AndroidManifest.xml:27:13-43
49            android:exported="false" />
49-->[androidx.room:room-runtime:2.4.1] AndroidManifest.xml:28:13-37
50
51        <provider
51-->[androidx.emoji2:emoji2:1.0.0] AndroidManifest.xml:26:9-34:20
52            android:name="androidx.startup.InitializationProvider"
52-->[androidx.emoji2:emoji2:1.0.0] AndroidManifest.xml:27:13-67
53            android:authorities="com.example.multimodule_mviapplication.androidx-startup"
53-->[androidx.emoji2:emoji2:1.0.0] AndroidManifest.xml:28:13-68
54            android:exported="false" >
54-->[androidx.emoji2:emoji2:1.0.0] AndroidManifest.xml:29:13-37
55            <meta-data
55-->[androidx.emoji2:emoji2:1.0.0] AndroidManifest.xml:31:13-33:52
56                android:name="androidx.emoji2.text.EmojiCompatInitializer"
56-->[androidx.emoji2:emoji2:1.0.0] AndroidManifest.xml:32:17-75
57                android:value="androidx.startup" />
57-->[androidx.emoji2:emoji2:1.0.0] AndroidManifest.xml:33:17-49
58            <meta-data
58-->[androidx.lifecycle:lifecycle-process:2.4.0] AndroidManifest.xml:31:13-33:52
59                android:name="androidx.lifecycle.ProcessLifecycleInitializer"
59-->[androidx.lifecycle:lifecycle-process:2.4.0] AndroidManifest.xml:32:17-78
60                android:value="androidx.startup" />
60-->[androidx.lifecycle:lifecycle-process:2.4.0] AndroidManifest.xml:33:17-49
61        </provider>
62
63        <activity
63-->[androidx.test:core:1.4.0] AndroidManifest.xml:27:9-34:20
64            android:name="androidx.test.core.app.InstrumentationActivityInvoker$BootstrapActivity"
64-->[androidx.test:core:1.4.0] AndroidManifest.xml:28:13-99
65            android:exported="true"
65-->[androidx.test:core:1.4.0] AndroidManifest.xml:29:13-36
66            android:theme="@android:style/Theme" >
66-->[androidx.test:core:1.4.0] AndroidManifest.xml:30:13-49
67            <intent-filter>
67-->[androidx.test:core:1.4.0] AndroidManifest.xml:31:13-33:29
68                <action android:name="android.intent.action.MAIN" />
68-->src/main/AndroidManifest.xml:19:17-69
68-->src/main/AndroidManifest.xml:19:25-66
69            </intent-filter>
70        </activity>
71        <activity
71-->[androidx.test:core:1.4.0] AndroidManifest.xml:35:9-42:20
72            android:name="androidx.test.core.app.InstrumentationActivityInvoker$EmptyActivity"
72-->[androidx.test:core:1.4.0] AndroidManifest.xml:36:13-95
73            android:exported="true"
73-->[androidx.test:core:1.4.0] AndroidManifest.xml:37:13-36
74            android:theme="@android:style/Theme" >
74-->[androidx.test:core:1.4.0] AndroidManifest.xml:38:13-49
75            <intent-filter>
75-->[androidx.test:core:1.4.0] AndroidManifest.xml:31:13-33:29
76                <action android:name="android.intent.action.MAIN" />
76-->src/main/AndroidManifest.xml:19:17-69
76-->src/main/AndroidManifest.xml:19:25-66
77            </intent-filter>
78        </activity>
79        <activity
79-->[androidx.test:core:1.4.0] AndroidManifest.xml:43:9-50:20
80            android:name="androidx.test.core.app.InstrumentationActivityInvoker$EmptyFloatingActivity"
80-->[androidx.test:core:1.4.0] AndroidManifest.xml:44:13-103
81            android:exported="true"
81-->[androidx.test:core:1.4.0] AndroidManifest.xml:45:13-36
82            android:theme="@android:style/Theme.Dialog" >
82-->[androidx.test:core:1.4.0] AndroidManifest.xml:46:13-56
83            <intent-filter>
83-->[androidx.test:core:1.4.0] AndroidManifest.xml:31:13-33:29
84                <action android:name="android.intent.action.MAIN" />
84-->src/main/AndroidManifest.xml:19:17-69
84-->src/main/AndroidManifest.xml:19:25-66
85            </intent-filter>
86        </activity>
87
88        <service
88-->[com.squareup.leakcanary:leakcanary-android:2.4] AndroidManifest.xml:23:9-25:40
89            android:name="leakcanary.internal.HeapAnalyzerService"
89-->[com.squareup.leakcanary:leakcanary-android:2.4] AndroidManifest.xml:24:13-67
90            android:exported="false" />
90-->[com.squareup.leakcanary:leakcanary-android:2.4] AndroidManifest.xml:25:13-37
91
92        <provider
92-->[com.squareup.leakcanary:leakcanary-android-core:2.4] AndroidManifest.xml:29:9-37:20
93            android:name="leakcanary.internal.LeakCanaryFileProvider"
93-->[com.squareup.leakcanary:leakcanary-android-core:2.4] AndroidManifest.xml:30:13-70
94            android:authorities="com.squareup.leakcanary.fileprovider.com.example.multimodule_mviapplication"
94-->[com.squareup.leakcanary:leakcanary-android-core:2.4] AndroidManifest.xml:31:13-88
95            android:exported="false"
95-->[com.squareup.leakcanary:leakcanary-android-core:2.4] AndroidManifest.xml:32:13-37
96            android:grantUriPermissions="true" >
96-->[com.squareup.leakcanary:leakcanary-android-core:2.4] AndroidManifest.xml:33:13-47
97            <meta-data
97-->[com.squareup.leakcanary:leakcanary-android-core:2.4] AndroidManifest.xml:34:13-36:66
98                android:name="android.support.FILE_PROVIDER_PATHS"
98-->[com.squareup.leakcanary:leakcanary-android-core:2.4] AndroidManifest.xml:35:17-67
99                android:resource="@xml/leak_canary_file_paths" />
99-->[com.squareup.leakcanary:leakcanary-android-core:2.4] AndroidManifest.xml:36:17-63
100        </provider>
101
102        <activity
102-->[com.squareup.leakcanary:leakcanary-android-core:2.4] AndroidManifest.xml:39:9-44:66
103            android:name="leakcanary.internal.activity.LeakActivity"
103-->[com.squareup.leakcanary:leakcanary-android-core:2.4] AndroidManifest.xml:40:13-69
104            android:icon="@mipmap/leak_canary_icon"
104-->[com.squareup.leakcanary:leakcanary-android-core:2.4] AndroidManifest.xml:41:13-52
105            android:label="@string/leak_canary_display_activity_label"
105-->[com.squareup.leakcanary:leakcanary-android-core:2.4] AndroidManifest.xml:42:13-71
106            android:taskAffinity="com.squareup.leakcanary.com.example.multimodule_mviapplication"
106-->[com.squareup.leakcanary:leakcanary-android-core:2.4] AndroidManifest.xml:43:13-76
107            android:theme="@style/leak_canary_LeakCanary.Base" />
107-->[com.squareup.leakcanary:leakcanary-android-core:2.4] AndroidManifest.xml:44:13-63
108
109        <activity-alias
109-->[com.squareup.leakcanary:leakcanary-android-core:2.4] AndroidManifest.xml:46:9-62:26
110            android:name="leakcanary.internal.activity.LeakLauncherActivity"
110-->[com.squareup.leakcanary:leakcanary-android-core:2.4] AndroidManifest.xml:47:13-77
111            android:banner="@drawable/leak_canary_tv_icon"
111-->[com.squareup.leakcanary:leakcanary-android-core:2.4] AndroidManifest.xml:48:13-59
112            android:enabled="@bool/leak_canary_add_launcher_icon"
112-->[com.squareup.leakcanary:leakcanary-android-core:2.4] AndroidManifest.xml:49:13-66
113            android:icon="@mipmap/leak_canary_icon"
113-->[com.squareup.leakcanary:leakcanary-android-core:2.4] AndroidManifest.xml:50:13-52
114            android:label="@string/leak_canary_display_activity_label"
114-->[com.squareup.leakcanary:leakcanary-android-core:2.4] AndroidManifest.xml:51:13-71
115            android:targetActivity="leakcanary.internal.activity.LeakActivity"
115-->[com.squareup.leakcanary:leakcanary-android-core:2.4] AndroidManifest.xml:52:13-79
116            android:taskAffinity="com.squareup.leakcanary.com.example.multimodule_mviapplication"
116-->[com.squareup.leakcanary:leakcanary-android-core:2.4] AndroidManifest.xml:53:13-76
117            android:theme="@style/leak_canary_LeakCanary.Base" >
117-->[com.squareup.leakcanary:leakcanary-android-core:2.4] AndroidManifest.xml:54:13-63
118            <intent-filter>
118-->[com.squareup.leakcanary:leakcanary-android-core:2.4] AndroidManifest.xml:55:13-61:29
119                <action android:name="android.intent.action.MAIN" />
119-->src/main/AndroidManifest.xml:19:17-69
119-->src/main/AndroidManifest.xml:19:25-66
120
121                <category android:name="android.intent.category.LAUNCHER" />
121-->src/main/AndroidManifest.xml:21:17-77
121-->src/main/AndroidManifest.xml:21:27-74
122                <!-- Android TV launcher intent -->
123                <category android:name="android.intent.category.LEANBACK_LAUNCHER" />
123-->[com.squareup.leakcanary:leakcanary-android-core:2.4] AndroidManifest.xml:60:17-86
123-->[com.squareup.leakcanary:leakcanary-android-core:2.4] AndroidManifest.xml:60:27-83
124            </intent-filter>
125        </activity-alias>
126
127        <activity
127-->[com.squareup.leakcanary:leakcanary-android-core:2.4] AndroidManifest.xml:64:9-70:68
128            android:name="leakcanary.internal.RequestStoragePermissionActivity"
128-->[com.squareup.leakcanary:leakcanary-android-core:2.4] AndroidManifest.xml:65:13-80
129            android:excludeFromRecents="true"
129-->[com.squareup.leakcanary:leakcanary-android-core:2.4] AndroidManifest.xml:66:13-46
130            android:icon="@mipmap/leak_canary_icon"
130-->[com.squareup.leakcanary:leakcanary-android-core:2.4] AndroidManifest.xml:67:13-52
131            android:label="@string/leak_canary_storage_permission_activity_label"
131-->[com.squareup.leakcanary:leakcanary-android-core:2.4] AndroidManifest.xml:68:13-82
132            android:taskAffinity="com.squareup.leakcanary.com.example.multimodule_mviapplication"
132-->[com.squareup.leakcanary:leakcanary-android-core:2.4] AndroidManifest.xml:69:13-76
133            android:theme="@style/leak_canary_Theme.Transparent" />
133-->[com.squareup.leakcanary:leakcanary-android-core:2.4] AndroidManifest.xml:70:13-65
134
135        <receiver android:name="leakcanary.internal.NotificationReceiver" />
135-->[com.squareup.leakcanary:leakcanary-android-core:2.4] AndroidManifest.xml:72:9-77
135-->[com.squareup.leakcanary:leakcanary-android-core:2.4] AndroidManifest.xml:72:19-74
136
137        <provider
137-->[com.squareup.leakcanary:leakcanary-object-watcher-android:2.4] AndroidManifest.xml:8:9-12:40
138            android:name="leakcanary.internal.AppWatcherInstaller$MainProcess"
138-->[com.squareup.leakcanary:leakcanary-object-watcher-android:2.4] AndroidManifest.xml:9:13-79
139            android:authorities="com.example.multimodule_mviapplication.leakcanary-installer"
139-->[com.squareup.leakcanary:leakcanary-object-watcher-android:2.4] AndroidManifest.xml:10:13-72
140            android:enabled="@bool/leak_canary_watcher_auto_install"
140-->[com.squareup.leakcanary:leakcanary-object-watcher-android:2.4] AndroidManifest.xml:11:13-69
141            android:exported="false" />
141-->[com.squareup.leakcanary:leakcanary-object-watcher-android:2.4] AndroidManifest.xml:12:13-37
142        <provider
142-->[com.squareup.leakcanary:plumber-android:2.4] AndroidManifest.xml:8:9-12:40
143            android:name="leakcanary.internal.PlumberInstaller"
143-->[com.squareup.leakcanary:plumber-android:2.4] AndroidManifest.xml:9:13-64
144            android:authorities="com.example.multimodule_mviapplication.plumber-installer"
144-->[com.squareup.leakcanary:plumber-android:2.4] AndroidManifest.xml:10:13-69
145            android:enabled="@bool/leak_canary_plumber_auto_install"
145-->[com.squareup.leakcanary:plumber-android:2.4] AndroidManifest.xml:11:13-69
146            android:exported="false" />
146-->[com.squareup.leakcanary:plumber-android:2.4] AndroidManifest.xml:12:13-37
147    </application>
148
149</manifest>